<?xml version="1.0" encoding="UTF-8"?>
<!-- Generated by org.testng.reporters.JUnitReportReporter -->
<testsuite hostname="DESKTOP-6GCIM0N" failures="0" tests="1" name="com.jupiter.automation.testsuites.Test1" time="14.317" errors="0" timestamp="2022-11-08T21:55:50 IST" skipped="0">
  <testcase classname="com.jupiter.automation.testsuites.Test1" name="Test1" time="14.317"/>
  <system-out/>
</testsuite> <!-- com.jupiter.automation.testsuites.Test1 -->
